<?xml version="1.0" encoding="UTF-8"?>
<!-- Generated by org.testng.reporters.JUnitXMLReporter -->
<testsuite hostname="DESKTOP-KU2SK7G" ignored="0" name="Test" tests="3" failures="0" timestamp="2021-09-27T11:48:09 PDT" time="57.874" errors="0">
  <testcase name="Check_RemeberMe_3" time="21.025" classname="com.training.test.login.LoginTest"/>
  <testcase name="LoginErrorMessage1" time="2.192" classname="com.training.test.login.LoginTest"/>
  <testcase name="LoginToSalesForce2" time="20.803" classname="com.training.test.login.LoginTest"/>
</testsuite> <!-- Test -->
