<?xml version="1.0" encoding="UTF-8"?>
<testng-results skipped="0" failed="0" ignored="4" total="5" passed="1">
  <reporter-output>
  </reporter-output>
  <suite name="Default suite" duration-ms="10262" started-at="2022-04-07T21:51:53 CDT" finished-at="2022-04-07T21:52:03 CDT">
    <groups>
    </groups>
    <test name="Default test" duration-ms="10262" started-at="2022-04-07T21:51:53 CDT" finished-at="2022-04-07T21:52:03 CDT">
      <class name="com.training.test.login.LoginTest">
        <test-method status="PASS" signature="beforeTest()[pri:0, instance:com.training.test.login.LoginTest@fad74ee]" name="beforeTest" is-config="true" duration-ms="7263" started-at="2022-04-07T21:51:53 CDT" finished-at="2022-04-07T21:52:00 CDT">
          <reporter-output>
          </reporter-output>
        </test-method> <!-- beforeTest -->
        <test-method status="PASS" signature="Forgot_Password_4_B()[pri:0, instance:com.training.test.login.LoginTest@fad74ee]" name="Forgot_Password_4_B" duration-ms="2734" started-at="2022-04-07T21:52:00 CDT" description="Forgot Password- 4B" finished-at="2022-04-07T21:52:03 CDT">
          <reporter-output>
          </reporter-output>
        </test-method> <!-- Forgot_Password_4_B -->
        <test-method status="PASS" signature="teardown()[pri:0, instance:com.training.test.login.LoginTest@fad74ee]" name="teardown" is-config="true" duration-ms="201" started-at="2022-04-07T21:52:03 CDT" finished-at="2022-04-07T21:52:03 CDT">
          <reporter-output>
          </reporter-output>
        </test-method> <!-- teardown -->
      </class> <!-- com.training.test.login.LoginTest -->
    </test> <!-- Default test -->
  </suite> <!-- Default suite -->
</testng-results>
