<?xml version="1.0" encoding="UTF-8"?>
<!-- Generated by org.testng.reporters.JUnitXMLReporter -->
<testsuite hostname="LAPTOP-GI27NIKJ" ignored="4" name="Default test" tests="1" failures="0" timestamp="2022-04-07T21:52:03 CDT" time="10.262" errors="0">
  <testcase name="Forgot_Password_4_B" time="2.734" classname="com.training.test.login.LoginTest"/>
  <testcase name="LoginErrorMessage1" time="0.0" classname="com.training.test.login.LoginTest">
    <ignored/>
  </testcase> <!-- LoginErrorMessage1 -->
  <testcase name="Forgot_Password_4_A" time="0.0" classname="com.training.test.login.LoginTest">
    <ignored/>
  </testcase> <!-- Forgot_Password_4_A -->
  <testcase name="LoginToSalesForce2" time="0.0" classname="com.training.test.login.LoginTest">
    <ignored/>
  </testcase> <!-- LoginToSalesForce2 -->
  <testcase name="Check_RemeberMe_3" time="0.0" classname="com.training.test.login.LoginTest">
    <ignored/>
  </testcase> <!-- Check_RemeberMe_3 -->
</testsuite> <!-- Default test -->
